#! /usr/local/bin/vvp
:ivl_version "12.0 (stable)";
:ivl_delay_selection "TYPICAL";
:vpi_time_precision + 0;
:vpi_module "/usr/local/lib/ivl/system.vpi";
:vpi_module "/usr/local/lib/ivl/vhdl_sys.vpi";
:vpi_module "/usr/local/lib/ivl/vhdl_textio.vpi";
:vpi_module "/usr/local/lib/ivl/v2005_math.vpi";
:vpi_module "/usr/local/lib/ivl/va_math.vpi";
:vpi_module "/usr/local/lib/ivl/v2009.vpi";
S_0x2a5b1c50 .scope package, "$unit" "$unit" 2 1;
 .timescale 0 0;
S_0x2a5b1de0 .scope module, "tb_binary_encoder_4to2" "tb_binary_encoder_4to2" 3 3;
 .timescale 0 0;
v0x2a5c5ca0_0 .var "din", 3 0;
v0x2a5c5d90_0 .net "out", 1 0, v0x2a5c5b60_0;  1 drivers
S_0x2a58c580 .scope module, "uut" "binary_encoder_4to2" 3 6, 4 2 0, S_0x2a5b1de0;
 .timescale 0 0;
    .port_info 0 /INPUT 4 "din";
    .port_info 1 /OUTPUT 2 "out";
v0x2a58c710_0 .net "din", 3 0, v0x2a5c5ca0_0;  1 drivers
v0x2a5c5b60_0 .var "out", 1 0;
E_0x2a57ad20 .event anyedge, v0x2a58c710_0;
    .scope S_0x2a58c580;
T_0 ;
    %wait E_0x2a57ad20;
    %pushi/vec4 1, 0, 1;
    %dup/vec4;
    %load/vec4 v0x2a58c710_0;
    %parti/s 1, 3, 3;
    %cmp/u;
    %jmp/1 T_0.0, 6;
    %dup/vec4;
    %load/vec4 v0x2a58c710_0;
    %parti/s 1, 2, 3;
    %cmp/u;
    %jmp/1 T_0.1, 6;
    %dup/vec4;
    %load/vec4 v0x2a58c710_0;
    %parti/s 1, 1, 2;
    %cmp/u;
    %jmp/1 T_0.2, 6;
    %dup/vec4;
    %load/vec4 v0x2a58c710_0;
    %parti/s 1, 0, 2;
    %cmp/u;
    %jmp/1 T_0.3, 6;
    %pushi/vec4 0, 0, 2;
    %store/vec4 v0x2a5c5b60_0, 0, 2;
    %jmp T_0.5;
T_0.0 ;
    %pushi/vec4 3, 0, 2;
    %store/vec4 v0x2a5c5b60_0, 0, 2;
    %jmp T_0.5;
T_0.1 ;
    %pushi/vec4 2, 0, 2;
    %store/vec4 v0x2a5c5b60_0, 0, 2;
    %jmp T_0.5;
T_0.2 ;
    %pushi/vec4 1, 0, 2;
    %store/vec4 v0x2a5c5b60_0, 0, 2;
    %jmp T_0.5;
T_0.3 ;
    %pushi/vec4 0, 0, 2;
    %store/vec4 v0x2a5c5b60_0, 0, 2;
    %jmp T_0.5;
T_0.5 ;
    %pop/vec4 1;
    %jmp T_0;
    .thread T_0, $push;
    .scope S_0x2a5b1de0;
T_1 ;
    %vpi_call/w 3 11 "$display", " Input | Output " {0 0 0};
    %vpi_call/w 3 12 "$display", "----------------" {0 0 0};
    %pushi/vec4 1, 0, 4;
    %store/vec4 v0x2a5c5ca0_0, 0, 4;
    %delay 10, 0;
    %vpi_call/w 3 14 "$display", "%b | %b", v0x2a5c5ca0_0, v0x2a5c5d90_0 {0 0 0};
    %pushi/vec4 2, 0, 4;
    %store/vec4 v0x2a5c5ca0_0, 0, 4;
    %delay 10, 0;
    %vpi_call/w 3 16 "$display", "%b | %b", v0x2a5c5ca0_0, v0x2a5c5d90_0 {0 0 0};
    %pushi/vec4 4, 0, 4;
    %store/vec4 v0x2a5c5ca0_0, 0, 4;
    %delay 10, 0;
    %vpi_call/w 3 18 "$display", "%b | %b", v0x2a5c5ca0_0, v0x2a5c5d90_0 {0 0 0};
    %pushi/vec4 8, 0, 4;
    %store/vec4 v0x2a5c5ca0_0, 0, 4;
    %delay 10, 0;
    %vpi_call/w 3 20 "$display", "%b | %b", v0x2a5c5ca0_0, v0x2a5c5d90_0 {0 0 0};
    %pushi/vec4 12, 0, 4;
    %store/vec4 v0x2a5c5ca0_0, 0, 4;
    %delay 10, 0;
    %vpi_call/w 3 22 "$display", "%b | %b", v0x2a5c5ca0_0, v0x2a5c5d90_0 {0 0 0};
    %pushi/vec4 6, 0, 4;
    %store/vec4 v0x2a5c5ca0_0, 0, 4;
    %delay 10, 0;
    %vpi_call/w 3 24 "$display", "%b | %b", v0x2a5c5ca0_0, v0x2a5c5d90_0 {0 0 0};
    %pushi/vec4 0, 0, 4;
    %store/vec4 v0x2a5c5ca0_0, 0, 4;
    %delay 10, 0;
    %vpi_call/w 3 26 "$display", "%b | %b", v0x2a5c5ca0_0, v0x2a5c5d90_0 {0 0 0};
    %vpi_call/w 3 27 "$finish" {0 0 0};
    %end;
    .thread T_1;
# The file index is used to find the file name in the following table.
:file_names 5;
    "N/A";
    "<interactive>";
    "-";
    "testbench.sv";
    "design.sv";
